# This file was automatically created by FeynRules 2.3.13
# Mathematica version: 10.0 for Linux x86 (64-bit) (December 4, 2014)
# Date: Fri 27 Nov 2015 14:36:37


# 
# This is the logfile for the model Type-II seesaw mix

# Authors: L. Basso, R. Kukla
# Model version: 1.2

# Modification : lambdas and mu are inputs in order to avoid rounding issues

# Checking the Quantum numbers
   * Electric charge defined.
# Checking the Lagrangians
   * All Lagrangians are ok.
#
# Particle definitions
#

   * No particles removed. All particles correspond to GenInt setup.

# Automatically assigned PDG numbers
   * Assigned PDG number 9000001 to particle ghA
   * Assigned PDG number 9000002 to particle ghZ
   * Assigned PDG number 9000003 to particle ghWp
   * Assigned PDG number 9000004 to particle ghWm
   * Assigned PDG number 9000005 to particle ghG


# Compulsory PDG codes:
   * Class SM leptons complete.
   * Class SM neutrinos complete.
   * Class SM quarks complete.
   * Class SM gauge bosons complete.
#
# Parameter definitions
#

   * All parameters are ok.


# Vertices
   * Calling FeynmanRules for 1 Lagrangians.
   * Number of classes vertices: 140
   * Number of flavored vertices: 268
   * Saved vertices in InterfaceRun[ 1 ].
   * Checked QNumber conservation.
      - Quantum number GhostNumber conserved in all vertices.
      - Quantum number LeptonNumber NOT conserved in the following vertices
          {Hp, v1, e}
          {Hp, v1, m}
          {Hp, v1, tt}
          {Hp, v2, e}
          {Hp, v2, m}
          {Hp, v2, tt}
          {Hp, v3, e}
          {Hp, v3, m}
          {Hp, v3, tt}
          {Hpbar, ebar, v1}
          {Hpbar, ebar, v2}
          {Hpbar, ebar, v3}
          {Hpbar, mbar, v1}
          {Hpbar, mbar, v2}
          {Hpbar, mbar, v3}
          {Hpbar, ttbar, v1}
          {Hpbar, ttbar, v2}
          {Hpbar, ttbar, v3}
          {Hpp, e, e}
          {Hpp, e, m}
          {Hpp, e, tt}
          {Hpp, m, m}
          {Hpp, m, tt}
          {Hpp, tt, tt}
          {Hppbar, ebar, ebar}
          {Hppbar, ebar, mbar}
          {Hppbar, ebar, ttbar}
          {Hppbar, mbar, mbar}
          {Hppbar, mbar, ttbar}
          {Hppbar, ttbar, ttbar}
          {W, v1, e}
          {W, v1, m}
          {W, v1, tt}
          {W, v2, e}
          {W, v2, m}
          {W, v2, tt}
          {W, v3, e}
          {W, v3, m}
          {W, v3, tt}
          {Wbar, ebar, v1}
          {Wbar, ebar, v2}
          {Wbar, ebar, v3}
          {Wbar, mbar, v1}
          {Wbar, mbar, v2}
          {Wbar, mbar, v3}
          {Wbar, ttbar, v1}
          {Wbar, ttbar, v2}
          {Wbar, ttbar, v3}
      - Quantum number Q conserved in all vertices.
   * particles.py written.
   * parameters.py written.
#
# Vertex definitions
#

   * 278 vertices written.
   * vertices.py written.
#
# Lorentz structure definitions
#

   * 24 lorentz structures written.
   * lorentz.py written.
#
# Coupling definitions
#

   * 266 couplings written.
   * couplings.py written.
#
# Coupling order definitions
#

   * 0 couplings orders written.
   * coupling_orders.py written.
#
# Decay definitions
#

   * 19 decays written.
   * decay.py not written
#
# CTCoupling definitions
#

   * 0 CTcouplings written.
   * CT_couplings.py written.
